{"C:\\Users\\benja\\OneDrive\\Documentos\\Pruebas de Software - CURSO\\api-service-dar\\src\\controllers\\suma.js": {"path":"C:\\Users\\benja\\OneDrive\\Documentos\\Pruebas de Software - CURSO\\api-service-dar\\src\\controllers\\suma.js","statementMap":{"0":{"start":{"line":2,"column":4},"end":{"line":2,"column":17}}},"fnMap":{"0":{"name":"suma","decl":{"start":{"line":1,"column":24},"end":{"line":1,"column":28}},"loc":{"start":{"line":1,"column":35},"end":{"line":3,"column":1}},"line":1}},"branchMap":{},"s":{"0":1},"f":{"0":1},"b":{},"_coverageSchema":"1a1c01bbd47fc00a2c39e90264f33305004495a9","hash":"be138cff8e2c67bca4626456c1f4471c30ddffc2"}
}
